<?xml version="1.0" encoding="UTF-8"?>
<robot generator="Robot 6.0.2 (Python 3.11.1 on darwin)" generated="20230411 12:34:07.560" rpa="false" schemaversion="3">
<suite id="s1" name="Test" source="/Users/karinno/Documents/git-sources/DockerTest/docker_exercise/automate/test.robot">
<test id="s1-t1" name="Test_1_001" line="22">
<kw name="Open Application" library="AppiumLibrary">
<arg>remote_url=${CAPACIBILITY_URL}</arg>
<arg>&amp;{CAPACIBILITY}</arg>
<doc>Opens a new application to given Appium server.
Capabilities of appium server, Android and iOS,
Please check https://github.com/appium/appium/blob/master/docs/en/writing-running-appium/server-args.md
| *Option*            | *Man.* | *Description*     |
| remote_url          | Yes    | Appium server url |
| alias               | no     | alias             |</doc>
<status status="PASS" starttime="20230411 12:34:07.624" endtime="20230411 12:34:21.869"/>
</kw>
<kw name="Sleep" library="BuiltIn">
<arg>5s</arg>
<doc>Pauses the test executed for the given time.</doc>
<msg timestamp="20230411 12:34:26.872" level="INFO">Slept 5 seconds</msg>
<status status="PASS" starttime="20230411 12:34:21.869" endtime="20230411 12:34:26.872"/>
</kw>
<kw name="Capture Page Screenshot" library="AppiumLibrary">
<doc>Takes a screenshot of the current page and embeds it into the log.</doc>
<msg timestamp="20230411 12:34:27.008" level="INFO" html="true">&lt;/td&gt;&lt;/tr&gt;&lt;tr&gt;&lt;td colspan="3"&gt;&lt;a href="appium-screenshot-1.png"&gt;&lt;img src="appium-screenshot-1.png" width="800px"&gt;&lt;/a&gt;</msg>
<status status="PASS" starttime="20230411 12:34:26.873" endtime="20230411 12:34:27.008"/>
</kw>
<kw name="Close All Applications" library="AppiumLibrary">
<doc>Closes all open applications.</doc>
<status status="PASS" starttime="20230411 12:34:27.008" endtime="20230411 12:34:28.090"/>
</kw>
<doc>Test
//c//Users//Karin//Documents//Git-Source//Docker-Test//automate://automate
//c//Users//Karin//Documents//Git-Source//Docker-Test//Result://Result</doc>
<status status="PASS" starttime="20230411 12:34:07.623" endtime="20230411 12:34:28.091"/>
</test>
<doc>Test</doc>
<status status="PASS" starttime="20230411 12:34:07.560" endtime="20230411 12:34:28.091"/>
</suite>
<statistics>
<total>
<stat pass="1" fail="0" skip="0">All Tests</stat>
</total>
<tag>
</tag>
<suite>
<stat pass="1" fail="0" skip="0" id="s1" name="Test">Test</stat>
</suite>
</statistics>
<errors>
</errors>
</robot>
